Arguments: 
  /Users/utkarshkapil/.nvm/versions/node/v18.15.0/bin/node /opt/homebrew/bin/yarn install

PATH: 
  /Users/utkarshkapil/Library/pnpm:/Users/utkarshkapil/.nvm/versions/node/v18.15.0/bin:/opt/homebrew/bin:/usr/local/bin:/System/Cryptexes/App/usr/bin:/usr/bin:/bin:/usr/sbin:/sbin:/Applications/Docker.app/Contents/Resources/bin/

Yarn version: 
  1.22.19

Node version: 
  18.15.0

Platform: 
  darwin arm64

Trace: 
  Error: ENOENT: no such file or directory, copyfile '/Users/utkarshkapil/Library/Caches/Yarn/v6/npm-lru-cache-6.0.0-6d6fe6570ebd96aaf90fcad1dafa3b2566db3a94-integrity/node_modules/lru-cache/LICENSE' -> '/Users/utkarshkapil/Desktop/typebot.io/node_modules/@typescript-eslint/typescript-estree/node_modules/lru-cache/LICENSE'

npm manifest: 
  {
    "version": "2.17.2",
    "name": "typebot-os",
    "private": true,
    "license": "AGPL-3.0-or-later",
    "scripts": {
      "prepare": "husky install",
      "docker:up": "docker compose -f docker-compose.dev.yml up -d && sleep 5",
      "docker:nuke": "docker compose -f docker-compose.dev.yml down --volumes --remove-orphans",
      "lint": "turbo run lint",
      "dev": "pnpm docker:up && turbo build --filter=@typebot.io/nextjs... && turbo run dev --filter=builder... --filter=viewer... --filter=flowise-components... --filter=flowise... --filter=flowise-ui... --parallel --no-cache",
      "build": "pnpm docker:up && turbo run build",
      "build:apps": "turbo run build --filter=builder... --filter=viewer...",
      "db:migrate": "cd packages/prisma && pnpm run db:migrate",
      "generate-change-log": "git fetch --all && pnpx gitmoji-changelog"
    },
    "devDependencies": {
      "cross-env": "7.0.3",
      "cz-emoji": "1.3.2-canary.2",
      "husky": "^8.0.3",
      "prettier": "2.8.8",
      "turbo": "1.10.12",
      "eslint": "^8.24.0",
      "eslint-config-prettier": "^8.3.0",
      "eslint-config-react-app": "^7.0.1",
      "eslint-plugin-jsx-a11y": "^6.6.1",
      "eslint-plugin-markdown": "^3.0.0",
      "eslint-plugin-prettier": "^3.4.0",
      "eslint-plugin-react": "^7.26.1",
      "eslint-plugin-react-hooks": "^4.6.0",
      "eslint-plugin-unused-imports": "^2.0.0",
      "@babel/preset-env": "^7.19.4",
          "@babel/preset-typescript": "7.18.6",
          "@types/express": "^4.17.13",
          "@typescript-eslint/typescript-estree": "^5.39.0",
          "lint-staged": "^13.0.3",
         
          "pretty-quick": "^3.1.3",
          "rimraf": "^3.0.2",
          "run-script-os": "^1.1.6",
         
          "typescript": "^4.8.4"
    },
    "config": {
      "commitizen": {
        "path": "node_modules/cz-emoji"
      }
    },
    "packageManager": "pnpm@8.6.12"
  }

yarn manifest: 
  No manifest

Lockfile: 
  No lockfile
